<?xml version="1.0" encoding="UTF-8"?>
<testsuite xmlns:xsi="http://www.w3.org/2001/XMLSchema-instance" xsi:noNamespaceSchemaLocation="https://maven.apache.org/surefire/maven-surefire-plugin/xsd/surefire-test-report.xsd" name="com.ontariotechu.sofe3980U.BinaryAPIControllerTest" time="2.253" tests="14" errors="0" skipped="0" failures="0">
  <properties>
[...]
</properties>
  <testcase name="Multi1" classname="com.ontariotechu.sofe3980U.BinaryAPIControllerTest" time="0.391"/>
  <testcase name="Multi2" classname="com.ontariotechu.sofe3980U.BinaryAPIControllerTest" time="0.003"/>
  <testcase name="Multi3" classname="com.ontariotechu.sofe3980U.BinaryAPIControllerTest" time="0.003"/>
  <testcase name="OR1" classname="com.ontariotechu.sofe3980U.BinaryAPIControllerTest" time="0.004"/>
  <testcase name="OR2" classname="com.ontariotechu.sofe3980U.BinaryAPIControllerTest" time="0.004"/>
  <testcase name="OR3" classname="com.ontariotechu.sofe3980U.BinaryAPIControllerTest" time="0.003"/>
  <testcase name="add" classname="com.ontariotechu.sofe3980U.BinaryAPIControllerTest" time="0.004"/>
  <testcase name="AND1" classname="com.ontariotechu.sofe3980U.BinaryAPIControllerTest" time="0.003"/>
  <testcase name="AND2" classname="com.ontariotechu.sofe3980U.BinaryAPIControllerTest" time="0.002"/>
  <testcase name="AND3" classname="com.ontariotechu.sofe3980U.BinaryAPIControllerTest" time="0.002"/>
  <testcase name="add2" classname="com.ontariotechu.sofe3980U.BinaryAPIControllerTest" time="0.003"/>
  <testcase name="add3" classname="com.ontariotechu.sofe3980U.BinaryAPIControllerTest" time="0.003"/>
  <testcase name="add4" classname="com.ontariotechu.sofe3980U.BinaryAPIControllerTest" time="0.003"/>
  <testcase name="add5" classname="com.ontariotechu.sofe3980U.BinaryAPIControllerTest" time="0.002"/>
</testsuite>